<?xml version="1.0" encoding="UTF-8"?>
<testsuite xmlns:xsi="http://www.w3.org/2001/XMLSchema-instance" xsi:noNamespaceSchemaLocation="https://maven.apache.org/surefire/maven-surefire-plugin/xsd/surefire-test-report-3.0.xsd" version="3.0" name="com.weplayWeb.spring.WePlayWebApplicationTests" time="2.937" tests="1" errors="0" skipped="0" failures="0">
  <properties>
[...]
</properties>
  <testcase name="contextLoads" classname="com.weplayWeb.spring.WePlayWebApplicationTests" time="0.67">
    <system-out><![CDATA[20:19:59.011 [main] INFO org.springframework.test.context.support.AnnotationConfigContextLoaderUtils -- Could not detect default configuration classes for test class [com.weplayWeb.spring.WePlayWebApplicationTests]: WePlayWebApplicationTests does not declare any static, non-private, non-final, nested classes annotated with @Configuration.
20:19:59.098 [main] INFO org.springframework.boot.test.context.SpringBootTestContextBootstrapper -- Found @SpringBootConfiguration com.weplayWeb.spring.WePlayWebApplication for test class com.weplayWeb.spring.WePlayWebApplicationTests

  .   ____          _            __ _ _
 /\\ / ___'_ __ _ _(_)_ __  __ _ \ \ \ \
( ( )\___ | '_ | '_| | '_ \/ _` | \ \ \ \
 \\/  ___)| |_)| | | | | || (_| |  ) ) ) )
  '  |____| .__|_| |_|_| |_\__, | / / / /
 =========|_|==============|___/=/_/_/_/
 :: Spring Boot ::                (v3.1.4)

2024-11-09T20:19:59.473-05:00  INFO 34000 --- [           main] c.w.spring.WePlayWebApplicationTests     : Starting WePlayWebApplicationTests using Java 17.0.11 with PID 34000 (started by vivian in C:\Users\vivian\Documents\Git Repositories\WePlayCafe)
2024-11-09T20:19:59.474-05:00  INFO 34000 --- [           main] c.w.spring.WePlayWebApplicationTests     : The following 1 profile is active: "local"
2024-11-09T20:19:59.502-05:00 DEBUG 34000 --- [           main] o.s.w.c.s.GenericWebApplicationContext   : Refreshing org.springframework.web.context.support.GenericWebApplicationContext@2f4919b0
2024-11-09T20:20:00.256-05:00  INFO 34000 --- [           main] trationDelegate$BeanPostProcessorChecker : Bean 'org.springframework.ws.config.annotation.DelegatingWsConfiguration' of type [org.springframework.ws.config.annotation.DelegatingWsConfiguration$$SpringCGLIB$$0] is not eligible for getting processed by all BeanPostProcessors (for example: not eligible for auto-proxying)
2024-11-09T20:20:00.288-05:00  INFO 34000 --- [           main] .w.s.a.s.AnnotationActionEndpointMapping : Supporting [WS-Addressing August 2004, WS-Addressing 1.0]
2024-11-09T20:20:00.311-05:00  INFO 34000 --- [           main] c.w.spring.Square.CreateCustomer         : Environment: sandbox
2024-11-09T20:20:00.635-05:00 DEBUG 34000 --- [           main] s.w.s.m.m.a.RequestMappingHandlerMapping : 5 mappings in 'requestMappingHandlerMapping'
2024-11-09T20:20:00.642-05:00 DEBUG 34000 --- [           main] o.s.w.s.handler.SimpleUrlHandlerMapping  : Patterns [/] in 'viewControllerHandlerMapping'
2024-11-09T20:20:00.699-05:00 DEBUG 34000 --- [           main] s.w.s.m.m.a.RequestMappingHandlerAdapter : ControllerAdvice beans: 0 @ModelAttribute, 0 @InitBinder, 1 RequestBodyAdvice, 1 ResponseBodyAdvice
2024-11-09T20:20:00.738-05:00 DEBUG 34000 --- [           main] .m.m.a.ExceptionHandlerExceptionResolver : ControllerAdvice beans: 1 @ExceptionHandler, 1 ResponseBodyAdvice
2024-11-09T20:20:00.751-05:00  INFO 34000 --- [           main] c.w.spring.Square.CreateCustomer         : CORS Allowed Origin: http://localhost:4200
2024-11-09T20:20:00.788-05:00  WARN 34000 --- [           main] .s.s.UserDetailsServiceAutoConfiguration : 

Using generated security password: 3cecddc5-2e23-4c17-9f2c-4601feb681f0

This generated password is for development use only. Your security configuration must be updated before running your application in production.

2024-11-09T20:20:00.884-05:00  INFO 34000 --- [           main] o.s.s.web.DefaultSecurityFilterChain     : Will secure any request with [org.springframework.security.web.session.DisableEncodeUrlFilter@4f1afe8f, org.springframework.security.web.context.request.async.WebAsyncManagerIntegrationFilter@492521c4, org.springframework.security.web.context.SecurityContextHolderFilter@563ccd31, org.springframework.security.web.header.HeaderWriterFilter@36224f93, org.springframework.web.filter.CorsFilter@443a06ad, org.springframework.security.web.authentication.logout.LogoutFilter@7c70aae1, org.springframework.security.web.savedrequest.RequestCacheAwareFilter@478fb7dc, org.springframework.security.web.servletapi.SecurityContextHolderAwareRequestFilter@634f58d2, org.springframework.security.web.authentication.AnonymousAuthenticationFilter@6ddd1c51, org.springframework.security.web.access.ExceptionTranslationFilter@1a2ac487, org.springframework.security.web.access.intercept.AuthorizationFilter@3887c7d7]
2024-11-09T20:20:00.888-05:00  WARN 34000 --- [           main] o.s.s.c.a.web.builders.WebSecurity       : You are asking Spring Security to ignore Ant [pattern='/assets/**']. This is not recommended -- please use permitAll via HttpSecurity#authorizeHttpRequests instead.
2024-11-09T20:20:00.888-05:00  INFO 34000 --- [           main] o.s.s.web.DefaultSecurityFilterChain     : Will not secure Ant [pattern='/assets/**']
2024-11-09T20:20:00.889-05:00  WARN 34000 --- [           main] o.s.s.c.a.web.builders.WebSecurity       : You are asking Spring Security to ignore Ant [pattern='/static/**']. This is not recommended -- please use permitAll via HttpSecurity#authorizeHttpRequests instead.
2024-11-09T20:20:00.889-05:00  INFO 34000 --- [           main] o.s.s.web.DefaultSecurityFilterChain     : Will not secure Ant [pattern='/static/**']
2024-11-09T20:20:00.889-05:00  WARN 34000 --- [           main] o.s.s.c.a.web.builders.WebSecurity       : You are asking Spring Security to ignore Ant [pattern='/*.js']. This is not recommended -- please use permitAll via HttpSecurity#authorizeHttpRequests instead.
2024-11-09T20:20:00.889-05:00  INFO 34000 --- [           main] o.s.s.web.DefaultSecurityFilterChain     : Will not secure Ant [pattern='/*.js']
2024-11-09T20:20:00.889-05:00  WARN 34000 --- [           main] o.s.s.c.a.web.builders.WebSecurity       : You are asking Spring Security to ignore Ant [pattern='/*.css']. This is not recommended -- please use permitAll via HttpSecurity#authorizeHttpRequests instead.
2024-11-09T20:20:00.889-05:00  INFO 34000 --- [           main] o.s.s.web.DefaultSecurityFilterChain     : Will not secure Ant [pattern='/*.css']
2024-11-09T20:20:00.889-05:00  WARN 34000 --- [           main] o.s.s.c.a.web.builders.WebSecurity       : You are asking Spring Security to ignore Ant [pattern='/favicon.ico']. This is not recommended -- please use permitAll via HttpSecurity#authorizeHttpRequests instead.
2024-11-09T20:20:00.889-05:00  INFO 34000 --- [           main] o.s.s.web.DefaultSecurityFilterChain     : Will not secure Ant [pattern='/favicon.ico']
2024-11-09T20:20:00.889-05:00  WARN 34000 --- [           main] o.s.s.c.a.web.builders.WebSecurity       : You are asking Spring Security to ignore Ant [pattern='/index.html']. This is not recommended -- please use permitAll via HttpSecurity#authorizeHttpRequests instead.
2024-11-09T20:20:00.889-05:00  INFO 34000 --- [           main] o.s.s.web.DefaultSecurityFilterChain     : Will not secure Ant [pattern='/index.html']
2024-11-09T20:20:00.889-05:00  WARN 34000 --- [           main] o.s.s.c.a.web.builders.WebSecurity       : You are asking Spring Security to ignore Ant [pattern='/services/*']. This is not recommended -- please use permitAll via HttpSecurity#authorizeHttpRequests instead.
2024-11-09T20:20:00.889-05:00  INFO 34000 --- [           main] o.s.s.web.DefaultSecurityFilterChain     : Will not secure Ant [pattern='/services/*']
2024-11-09T20:20:01.109-05:00  INFO 34000 --- [           main] c.w.spring.WePlayWebApplicationTests     : Started WePlayWebApplicationTests in 1.88 seconds (process running for 2.822)
]]></system-out>
  </testcase>
</testsuite>